,number,value,datetime_start,datetime_complete,duration,params_C,state
74,74,0.8868,2022-12-03 12:56:14.845308,2022-12-03 12:56:57.561442,0 days 00:00:42.716134,0.015687286589112656,COMPLETE
75,75,0.8964000000000001,2022-12-03 12:56:57.561442,2022-12-03 12:57:13.411662,0 days 00:00:15.850220,0.004120952767454064,COMPLETE
76,76,0.876,2022-12-03 12:57:13.411662,2022-12-03 12:57:56.509550,0 days 00:00:43.097888,0.0881061422158389,COMPLETE
77,77,0.8798,2022-12-03 12:57:56.509550,2022-12-03 12:58:39.605579,0 days 00:00:43.096029,0.04319234032916881,COMPLETE
78,78,0.8942,2022-12-03 12:58:39.605579,2022-12-03 12:59:04.730611,0 days 00:00:25.125032,0.00857386594927765,COMPLETE
79,79,0.8968,2022-12-03 12:59:04.730611,2022-12-03 12:59:17.680352,0 days 00:00:12.949741,0.0027731674380057905,COMPLETE
80,80,0.8757999999999999,2022-12-03 12:59:17.680352,2022-12-03 13:00:03.552106,0 days 00:00:45.871754,0.21957175416799707,COMPLETE
81,81,0.892,2022-12-03 13:00:03.552106,2022-12-03 13:00:11.462039,0 days 00:00:07.909933,0.0015159394831892779,COMPLETE
82,82,0.8962,2022-12-03 13:00:11.462039,2022-12-03 13:00:28.956070,0 days 00:00:17.494031,0.0052032604057370944,COMPLETE
83,83,0.8897999999999999,2022-12-03 13:00:28.956070,2022-12-03 13:01:05.472031,0 days 00:00:36.515961,0.01183212714719678,COMPLETE
84,84,0.8981999999999999,2022-12-03 13:01:05.472031,2022-12-03 13:01:21.698534,0 days 00:00:16.226503,0.0034080540254435602,COMPLETE
85,85,0.8987999999999999,2022-12-03 13:01:21.699526,2022-12-03 13:01:38.960002,0 days 00:00:17.260476,0.003465315644143164,COMPLETE
86,86,0.8938,2022-12-03 13:01:38.960988,2022-12-03 13:01:59.259339,0 days 00:00:20.298351,0.007065586764353633,COMPLETE
87,87,0.8865999999999999,2022-12-03 13:01:59.260533,2022-12-03 13:02:05.008320,0 days 00:00:05.747787,0.001011467440247316,COMPLETE
88,88,0.8954000000000001,2022-12-03 13:02:05.009319,2022-12-03 13:02:16.220632,0 days 00:00:11.211313,0.0019780680528645646,COMPLETE
89,89,0.8846,2022-12-03 13:02:16.221610,2022-12-03 13:03:04.207233,0 days 00:00:47.985623,0.02211250095511061,COMPLETE
90,90,0.8752000000000001,2022-12-03 13:03:04.208236,2022-12-03 13:04:15.133561,0 days 00:01:10.925325,1.6988010905890971,COMPLETE
91,91,0.899,2022-12-03 13:04:15.133561,2022-12-03 13:04:46.783271,0 days 00:00:31.649710,0.0036565878444183996,COMPLETE
92,92,0.8981999999999999,2022-12-03 13:04:46.788292,2022-12-03 13:05:18.762317,0 days 00:00:31.974025,0.0033876075606924577,COMPLETE
93,93,0.897,2022-12-03 13:05:18.767579,2022-12-03 13:05:42.048384,0 days 00:00:23.280805,0.002427531720665443,COMPLETE
94,94,0.8916000000000001,2022-12-03 13:05:42.048384,2022-12-03 13:05:57.716178,0 days 00:00:15.667794,0.0014726636978061813,COMPLETE
95,95,0.897,2022-12-03 13:05:57.716178,2022-12-03 13:06:31.372897,0 days 00:00:33.656719,0.004455046857736022,COMPLETE
96,96,0.8934000000000001,2022-12-03 13:06:31.372897,2022-12-03 13:07:27.740981,0 days 00:00:56.368084,0.009247778309964828,COMPLETE
97,97,0.8948,2022-12-03 13:07:27.740981,2022-12-03 13:08:03.651869,0 days 00:00:35.910888,0.006029414678113871,COMPLETE
98,98,0.8870000000000001,2022-12-03 13:08:03.651869,2022-12-03 13:09:42.411322,0 days 00:01:38.759453,0.014870427030990776,COMPLETE
99,99,0.897,2022-12-03 13:09:42.411322,2022-12-03 13:10:07.584494,0 days 00:00:25.173172,0.002618452143176084,COMPLETE
>>>>>>> b8c730f830cba25b560ab24e5b55c231c721f4ab
