,number,value,datetime_start,datetime_complete,duration,params_C,params_gamma,state
0,0,0.9498000000000001,2022-12-03 13:10:07.616472,2022-12-03 13:10:10.797791,0 days 00:00:03.181319,6528424.965064784,7.171386680746689e-07,COMPLETE
1,1,0.9506,2022-12-03 13:10:10.797791,2022-12-03 13:10:13.936184,0 days 00:00:03.138393,113975.57765170788,7.649852963251771e-07,COMPLETE
2,2,0.9494,2022-12-03 13:10:13.936184,2022-12-03 13:10:16.926102,0 days 00:00:02.989918,190374.97354491454,6.751614680849844e-07,COMPLETE
3,3,0.9465999999999999,2022-12-03 13:10:16.926102,2022-12-03 13:10:26.827888,0 days 00:00:09.901786,2602547.879163801,3.503837797627625e-06,COMPLETE
4,4,0.9506,2022-12-03 13:10:26.827888,2022-12-03 13:10:30.097409,0 days 00:00:03.269521,2680699.7039127443,7.989420568922e-07,COMPLETE
5,5,0.9506,2022-12-03 13:10:30.097409,2022-12-03 13:10:33.286636,0 days 00:00:03.189227,2259225.350161007,8.054594083356987e-07,COMPLETE
6,6,0.9440000000000002,2022-12-03 13:10:33.286636,2022-12-03 13:10:43.352168,0 days 00:00:10.065532,1284155.667451874,3.628232502380799e-06,COMPLETE
7,7,0.8395999999999999,2022-12-03 13:10:43.352168,2022-12-03 13:10:55.863134,0 days 00:00:12.510966,419890.6866410533,6.314363685865684e-06,COMPLETE
8,8,0.9286,2022-12-03 13:10:55.863134,2022-12-03 13:10:58.275218,0 days 00:00:02.412084,8911003.332131678,1.3516046811329868e-07,COMPLETE
9,9,0.9398,2022-12-03 13:10:58.275218,2022-12-03 13:11:00.714180,0 days 00:00:02.438962,1744720.1301492378,2.542197155655938e-07,COMPLETE
10,10,0.9568,2022-12-03 13:11:00.714180,2022-12-03 13:11:06.934266,0 days 00:00:06.220086,229373.3898189295,2.2024685054520616e-06,COMPLETE
11,11,0.9570000000000001,2022-12-03 13:11:06.936812,2022-12-03 13:11:12.701011,0 days 00:00:05.764199,109450.85193067261,2.0136137175979974e-06,COMPLETE
12,12,0.9576,2022-12-03 13:11:12.701011,2022-12-03 13:11:18.274619,0 days 00:00:05.573608,391061.87478050985,1.9325260891098896e-06,COMPLETE
13,13,0.9564,2022-12-03 13:11:18.274619,2022-12-03 13:11:23.410332,0 days 00:00:05.135713,574398.7812046804,1.769878542395538e-06,COMPLETE
14,14,0.6890000000000001,2022-12-03 13:11:23.410332,2022-12-03 13:11:35.966205,0 days 00:00:12.555873,103595.52075292113,9.140759502127718e-06,COMPLETE
15,15,0.9568,2022-12-03 13:11:35.972696,2022-12-03 13:11:41.134214,0 days 00:00:05.161518,632260.1324653971,1.7006863000134961e-06,COMPLETE
16,16,0.9452,2022-12-03 13:11:41.134214,2022-12-03 13:11:51.672752,0 days 00:00:10.538538,285968.3281419346,3.5725031483647155e-06,COMPLETE
17,17,0.9410000000000001,2022-12-03 13:11:51.672752,2022-12-03 13:11:54.148026,0 days 00:00:02.475274,169597.27349922233,2.7271671096544334e-07,COMPLETE
18,18,0.9558,2022-12-03 13:11:54.148026,2022-12-03 13:11:58.489967,0 days 00:00:04.341941,380911.2759444676,1.391937267678727e-06,COMPLETE
19,19,0.9453999999999999,2022-12-03 13:11:58.489967,2022-12-03 13:12:01.153886,0 days 00:00:02.663919,923663.9979729947,4.03244681206311e-07,COMPLETE
20,20,0.9551999999999999,2022-12-03 13:12:01.153886,2022-12-03 13:12:08.954896,0 days 00:00:07.801010,142738.9289322092,2.7405447121665494e-06,COMPLETE
21,21,0.9564,2022-12-03 13:12:08.954896,2022-12-03 13:12:15.828839,0 days 00:00:06.873943,232409.6970057039,2.394415709152944e-06,COMPLETE
22,22,0.9555999999999999,2022-12-03 13:12:15.828839,2022-12-03 13:12:19.836112,0 days 00:00:04.007273,297875.0669095207,1.2653465452553685e-06,COMPLETE
23,23,0.9561999999999999,2022-12-03 13:12:19.836112,2022-12-03 13:12:24.309151,0 days 00:00:04.473039,698950.6842148491,1.4863051463742773e-06,COMPLETE
24,24,0.8812000000000001,2022-12-03 13:12:24.309151,2022-12-03 13:12:36.163494,0 days 00:00:11.854343,558663.670494959,5.4433072108332786e-06,COMPLETE
25,25,0.954,2022-12-03 13:12:36.167092,2022-12-03 13:12:40.104972,0 days 00:00:03.937880,948503.7257994163,1.117242790578725e-06,COMPLETE
26,26,0.8917999999999999,2022-12-03 13:12:40.104972,2022-12-03 13:12:52.083344,0 days 00:00:11.978372,4168075.592551705,5.209453827503098e-06,COMPLETE
27,27,0.9464,2022-12-03 13:12:52.083344,2022-12-03 13:12:55.185062,0 days 00:00:03.101718,410599.79445930844,4.663638254001595e-07,COMPLETE
28,28,0.9571999999999999,2022-12-03 13:12:55.185062,2022-12-03 13:13:01.388245,0 days 00:00:06.203183,140925.93076546502,2.1073756434614112e-06,COMPLETE
29,29,0.9570000000000001,2022-12-03 13:13:01.388245,2022-12-03 13:13:07.421192,0 days 00:00:06.032947,137717.67185253967,2.031108705975857e-06,COMPLETE
30,30,0.9554,2022-12-03 13:13:07.421192,2022-12-03 13:13:16.007240,0 days 00:00:08.586048,148466.3828647031,2.8939072932744624e-06,COMPLETE
31,31,0.9569999999999999,2022-12-03 13:13:16.007240,2022-12-03 13:13:22.156653,0 days 00:00:06.149413,128247.53591378809,2.0799639416754185e-06,COMPLETE
32,32,0.952,2022-12-03 13:13:22.156653,2022-12-03 13:13:25.886564,0 days 00:00:03.729911,101176.8638626221,9.70935009048612e-07,COMPLETE
33,33,0.9298,2022-12-03 13:13:25.886564,2022-12-03 13:13:36.618559,0 days 00:00:10.731995,190771.26330168094,4.265823999547503e-06,COMPLETE
34,34,0.9570000000000001,2022-12-03 13:13:36.618559,2022-12-03 13:13:42.791935,0 days 00:00:06.173376,227627.57177448968,2.041853126418073e-06,COMPLETE
35,35,0.9537999999999999,2022-12-03 13:13:42.791935,2022-12-03 13:13:46.931080,0 days 00:00:04.139145,290293.5666592887,1.1328329295875833e-06,COMPLETE
36,36,0.9494,2022-12-03 13:13:46.931080,2022-12-03 13:13:49.940592,0 days 00:00:03.009512,225553.18159264518,6.186765139013152e-07,COMPLETE
37,37,0.9549999999999998,2022-12-03 13:13:49.942637,2022-12-03 13:13:58.046297,0 days 00:00:08.103660,184093.2334688361,2.7754796946532693e-06,COMPLETE
38,38,0.7614000000000001,2022-12-03 13:13:58.046297,2022-12-03 13:14:10.673182,0 days 00:00:12.626885,362714.91755712987,7.691313221147874e-06,COMPLETE
39,39,0.9286,2022-12-03 13:14:10.677290,2022-12-03 13:14:21.447596,0 days 00:00:10.770306,119697.64775757925,4.331870409063609e-06,COMPLETE
40,40,0.9565999999999999,2022-12-03 13:14:21.450738,2022-12-03 13:14:26.532566,0 days 00:00:05.081828,152130.9437406731,1.682767648027607e-06,COMPLETE
41,41,0.9518000000000001,2022-12-03 13:14:26.532566,2022-12-03 13:14:30.062995,0 days 00:00:03.530429,203114.09616456938,9.429925356561997e-07,COMPLETE
42,42,0.9570000000000001,2022-12-03 13:14:30.062995,2022-12-03 13:14:35.915724,0 days 00:00:05.852729,129969.1676802073,2.017008139898259e-06,COMPLETE
43,43,0.9550000000000001,2022-12-03 13:14:35.915724,2022-12-03 13:14:44.658098,0 days 00:00:08.742374,251355.0657517867,2.9264439570969443e-06,COMPLETE
44,44,0.9571999999999999,2022-12-03 13:14:44.658098,2022-12-03 13:14:51.594857,0 days 00:00:06.936759,138834.4021973421,2.3275116779282038e-06,COMPLETE
45,45,0.9561999999999999,2022-12-03 13:14:51.594857,2022-12-03 13:14:56.396794,0 days 00:00:04.801937,168166.12551536606,1.4853184686261505e-06,COMPLETE
46,46,0.9241999999999999,2022-12-03 13:14:56.396794,2022-12-03 13:14:58.787780,0 days 00:00:02.390986,483323.08194891195,1.0499537568094018e-07,COMPLETE
47,47,0.9564,2022-12-03 13:14:58.787780,2022-12-03 13:15:05.627692,0 days 00:00:06.839912,123622.1980516648,2.411642408013072e-06,COMPLETE
48,48,0.9506,2022-12-03 13:15:05.627692,2022-12-03 13:15:15.159888,0 days 00:00:09.532196,332086.69677554845,3.3138683553534116e-06,COMPLETE
49,49,0.95,2022-12-03 13:15:15.164955,2022-12-03 13:15:18.259450,0 days 00:00:03.094495,261482.95227212447,7.396719605866802e-07,COMPLETE
50,50,0.9568,2022-12-03 13:15:18.263503,2022-12-03 13:15:23.235360,0 days 00:00:04.971857,139763.05824874726,1.7034525961734904e-06,COMPLETE
51,51,0.9573999999999998,2022-12-03 13:15:23.235360,2022-12-03 13:15:28.902758,0 days 00:00:05.667398,121228.48799572563,1.991868562637952e-06,COMPLETE
52,52,0.9564,2022-12-03 13:15:28.902758,2022-12-03 13:15:35.704536,0 days 00:00:06.801778,100669.92724598898,2.419209446572602e-06,COMPLETE
53,53,0.9292,2022-12-03 13:15:35.704536,2022-12-03 13:15:46.815997,0 days 00:00:11.111461,1463991.0524506203,4.297579076883255e-06,COMPLETE
54,54,0.9558,2022-12-03 13:15:46.815997,2022-12-03 13:15:51.091156,0 days 00:00:04.275159,170226.84049902987,1.2893766298064752e-06,COMPLETE
55,55,0.9570000000000001,2022-12-03 13:15:51.091156,2022-12-03 13:15:56.650481,0 days 00:00:05.559325,197810.40504577087,1.8571346910502565e-06,COMPLETE
56,56,0.9522,2022-12-03 13:15:56.650481,2022-12-03 13:16:06.101590,0 days 00:00:09.451109,122255.48231828799,3.2375515704854553e-06,COMPLETE
57,57,0.9571999999999999,2022-12-03 13:16:06.101590,2022-12-03 13:16:12.880008,0 days 00:00:06.778418,220147.4246767463,2.3007504163513804e-06,COMPLETE
58,58,0.9564,2022-12-03 13:16:12.880008,2022-12-03 13:16:19.909028,0 days 00:00:07.029020,214899.90406240599,2.450905269551256e-06,COMPLETE
59,59,0.9374,2022-12-03 13:16:19.913560,2022-12-03 13:16:30.494632,0 days 00:00:10.581072,167616.60169918562,3.94501972188882e-06,COMPLETE
60,60,0.9564,2022-12-03 13:16:30.494632,2022-12-03 13:16:35.353750,0 days 00:00:04.859118,312624.5360882858,1.6259845282555574e-06,COMPLETE
61,61,0.9571999999999999,2022-12-03 13:16:35.353750,2022-12-03 13:16:41.467132,0 days 00:00:06.113382,111672.78730359166,2.1235146989836922e-06,COMPLETE
62,62,0.9568,2022-12-03 13:16:41.467132,2022-12-03 13:16:47.338599,0 days 00:00:05.871467,185967.97362366135,1.8350384434877934e-06,COMPLETE
63,63,0.954,2022-12-03 13:16:47.338599,2022-12-03 13:16:51.215602,0 days 00:00:03.877003,113590.15286963136,1.1741214977015648e-06,COMPLETE
64,64,0.9558,2022-12-03 13:16:51.215602,2022-12-03 13:16:55.637381,0 days 00:00:04.421779,141961.78874533155,1.4249467602527357e-06,COMPLETE
65,65,0.9558,2022-12-03 13:16:55.637381,2022-12-03 13:17:03.288075,0 days 00:00:07.650694,155091.3760409148,2.6315576367310555e-06,COMPLETE
66,66,0.9568,2022-12-03 13:17:03.288075,2022-12-03 13:17:09.768650,0 days 00:00:06.480575,248486.10551437215,2.2135893379390106e-06,COMPLETE
67,67,0.9532,2022-12-03 13:17:09.768650,2022-12-03 13:17:19.045950,0 days 00:00:09.277300,794790.8901458399,3.146464637019963e-06,COMPLETE
68,68,0.9512,2022-12-03 13:17:19.050094,2022-12-03 13:17:22.512286,0 days 00:00:03.462192,115061.33983693806,8.61452378114577e-07,COMPLETE
69,69,0.9026,2022-12-03 13:17:22.512286,2022-12-03 13:17:33.936982,0 days 00:00:11.424696,473927.61025350104,4.9670903512572105e-06,COMPLETE
70,70,0.9571999999999999,2022-12-03 13:17:33.936982,2022-12-03 13:17:39.763519,0 days 00:00:05.826537,162122.35308354162,1.9085415233889444e-06,COMPLETE
71,71,0.9568,2022-12-03 13:17:39.763519,2022-12-03 13:17:46.478308,0 days 00:00:06.714789,218788.60508485915,2.220517474169405e-06,COMPLETE
72,72,0.9571999999999999,2022-12-03 13:17:46.478308,2022-12-03 13:17:52.381316,0 days 00:00:05.903008,127396.65856811857,1.9175349192734146e-06,COMPLETE
73,73,0.9564,2022-12-03 13:17:52.381316,2022-12-03 13:17:57.117957,0 days 00:00:04.736641,100907.9859868777,1.5179921002021616e-06,COMPLETE
74,74,0.9570000000000001,2022-12-03 13:17:57.117957,2022-12-03 13:18:02.557424,0 days 00:00:05.439467,5124438.244537795,1.8703310879338777e-06,COMPLETE
75,75,0.9555999999999999,2022-12-03 13:18:02.557424,2022-12-03 13:18:06.701339,0 days 00:00:04.143915,162316.29725191652,1.2404591218070664e-06,COMPLETE
76,76,0.9549999999999998,2022-12-03 13:18:06.701339,2022-12-03 13:18:14.953566,0 days 00:00:08.252227,137321.80181326656,2.780955036525587e-06,COMPLETE
77,77,0.9543999999999999,2022-12-03 13:18:14.958113,2022-12-03 13:18:18.695921,0 days 00:00:03.737808,9410826.730096504,1.058708202585523e-06,COMPLETE
78,78,0.9571999999999999,2022-12-03 13:18:18.695921,2022-12-03 13:18:25.320340,0 days 00:00:06.624419,1111602.454294511,2.305080328742999e-06,COMPLETE
79,79,0.9491999999999999,2022-12-03 13:18:25.320340,2022-12-03 13:18:28.210974,0 days 00:00:02.890634,1359405.6218582513,6.134403142504701e-07,COMPLETE
80,80,0.9452,2022-12-03 13:18:28.210974,2022-12-03 13:18:38.078389,0 days 00:00:09.867415,1051557.3657442967,3.5729700927430205e-06,COMPLETE
81,81,0.9568000000000001,2022-12-03 13:18:38.078389,2022-12-03 13:18:44.997875,0 days 00:00:06.919486,1125849.5879186904,2.3772200704936737e-06,COMPLETE
82,82,0.9571999999999999,2022-12-03 13:18:44.997875,2022-12-03 13:18:51.089497,0 days 00:00:06.091622,1837312.8730324279,1.9410554623497254e-06,COMPLETE
83,83,0.9564,2022-12-03 13:18:51.089497,2022-12-03 13:18:56.063371,0 days 00:00:04.973874,2088936.2544464786,1.6066033121591085e-06,COMPLETE
84,84,0.9570000000000001,2022-12-03 13:18:56.063371,2022-12-03 13:19:01.812555,0 days 00:00:05.749184,2100929.532093644,2.013576440715746e-06,COMPLETE
85,85,0.9558,2022-12-03 13:19:01.812555,2022-12-03 13:19:06.093666,0 days 00:00:04.281111,3459953.4586610524,1.3937590418470246e-06,COMPLETE
86,86,0.9558,2022-12-03 13:19:06.093666,2022-12-03 13:19:13.673848,0 days 00:00:07.580182,815826.7881227714,2.632345602594427e-06,COMPLETE
87,87,0.9532,2022-12-03 13:19:13.673848,2022-12-03 13:19:22.688004,0 days 00:00:09.014156,1688498.4637191114,3.1581379477325874e-06,COMPLETE
88,88,0.9349999999999999,2022-12-03 13:19:22.688004,2022-12-03 13:19:25.034574,0 days 00:00:02.346570,1169566.7314189856,2.1006641699591211e-07,COMPLETE
89,89,0.9416,2022-12-03 13:19:25.034574,2022-12-03 13:19:35.287467,0 days 00:00:10.252893,2783429.4387121503,3.8021904089341716e-06,COMPLETE
90,90,0.9571999999999999,2022-12-03 13:19:35.292015,2022-12-03 13:19:41.964319,0 days 00:00:06.672304,1812850.2843213421,2.2813870771479884e-06,COMPLETE
91,91,0.9568,2022-12-03 13:19:41.964319,2022-12-03 13:19:48.636215,0 days 00:00:06.671896,1661591.4683812754,2.2239194239621738e-06,COMPLETE
92,92,0.9571999999999999,2022-12-03 13:19:48.636215,2022-12-03 13:19:54.567046,0 days 00:00:05.930831,2514963.2067085993,1.886078507020368e-06,COMPLETE
93,93,0.9564,2022-12-03 13:19:54.567046,2022-12-03 13:20:00.033485,0 days 00:00:05.466439,3061796.25479928,1.7748057295342909e-06,COMPLETE
94,94,0.9558,2022-12-03 13:20:00.033485,2022-12-03 13:20:07.523263,0 days 00:00:07.489778,2296221.2995534465,2.587660197700239e-06,COMPLETE
95,95,0.9558,2022-12-03 13:20:07.523263,2022-12-03 13:20:11.756798,0 days 00:00:04.233535,1483937.7690824687,1.2903961779062816e-06,COMPLETE
96,96,0.9565999999999999,2022-12-03 13:20:11.756798,2022-12-03 13:20:17.650583,0 days 00:00:05.893785,109838.61734970719,2.0612622309830788e-06,COMPLETE
97,97,0.9541999999999998,2022-12-03 13:20:17.650583,2022-12-03 13:20:26.346505,0 days 00:00:08.695922,131054.10799030634,2.9471705407845878e-06,COMPLETE
98,98,0.9566000000000001,2022-12-03 13:20:26.350136,2022-12-03 13:20:31.488113,0 days 00:00:05.137977,1804226.509457713,1.649827250067867e-06,COMPLETE
99,99,0.9570000000000001,2022-12-03 13:20:31.488113,2022-12-03 13:20:38.048729,0 days 00:00:06.560616,2503001.774593489,2.263438935090387e-06,COMPLETE
